[0m20:15:45.073612 [debug] [MainThread]: Sending event: {'category': 'dbt', 'action': 'invocation', 'label': 'start', 'context': [<snowplow_tracker.self_describing_json.SelfDescribingJson object at 0x7f4ce28dca00>, <snowplow_tracker.self_describing_json.SelfDescribingJson object at 0x7f4ce0d53bb0>, <snowplow_tracker.self_describing_json.SelfDescribingJson object at 0x7f4ce0d53b50>]}


============================== 20:15:45.078879 | 85d5a885-7fa0-43ae-b642-f55ea1828b9a ==============================
[0m20:15:45.078879 [info ] [MainThread]: Running with dbt=1.8.3
[0m20:15:45.079567 [debug] [MainThread]: running dbt with arguments {'printer_width': '80', 'indirect_selection': 'eager', 'write_json': 'True', 'log_cache_events': 'False', 'partial_parse': 'True', 'cache_selected_only': 'False', 'warn_error': 'None', 'version_check': 'True', 'debug': 'False', 'log_path': 'logs', 'profiles_dir': '/home/vscode/.dbt', 'fail_fast': 'False', 'use_colors': 'True', 'use_experimental_parser': 'False', 'no_print': 'None', 'quiet': 'False', 'empty': 'None', 'warn_error_options': 'WarnErrorOptions(include=[], exclude=[])', 'static_parser': 'True', 'invocation_command': 'dbt init', 'log_format': 'default', 'target_path': 'None', 'introspect': 'True', 'send_anonymous_usage_stats': 'True'}
[0m20:15:45.086557 [warn ] [MainThread]: [ConfigFolderDirectory]: Unable to parse dict {'dir': PosixPath('/home/vscode/.dbt')}
[0m20:15:45.087054 [info ] [MainThread]: Creating dbt configuration folder at
[0m20:16:25.319657 [debug] [MainThread]: Starter project path: /workspaces/data-engineering-with-data-build-tool-dbt-4458303/.venv/lib/python3.10/site-packages/dbt/include/starter_project
[0m20:16:25.324788 [info ] [MainThread]:
Your new dbt project "nyc_parking_violations" was created!

For more information on how to configure the profiles.yml file,
please consult the dbt documentation here:

  https://docs.getdbt.com/docs/configure-your-profile

One more thing:

Need help? Don't hesitate to reach out to us via GitHub issues or on Slack:

  https://community.getdbt.com/

Happy modeling!

[0m20:16:25.326492 [info ] [MainThread]: Setting up your profile.
[0m20:16:25.327527 [error] [MainThread]: Encountered an error:
Runtime Error
  No adapters available. Learn how to install an adapter by going to https://docs.getdbt.com/docs/connect-adapters#install-using-the-cli
[0m20:16:25.328546 [debug] [MainThread]: Resource report: {"command_name": "init", "command_wall_clock_time": 40.305275, "process_user_time": 1.407757, "process_kernel_time": 0.136753, "process_mem_max_rss": "101748", "process_in_blocks": "1696", "process_out_blocks": "72", "command_success": false}
[0m20:16:25.329183 [debug] [MainThread]: Command `dbt init` failed at 20:16:25.329075 after 40.31 seconds
[0m20:16:25.329641 [debug] [MainThread]: Sending event: {'category': 'dbt', 'action': 'invocation', 'label': 'end', 'context': [<snowplow_tracker.self_describing_json.SelfDescribingJson object at 0x7f4ce28dca00>, <snowplow_tracker.self_describing_json.SelfDescribingJson object at 0x7f4ce0b9b6d0>, <snowplow_tracker.self_describing_json.SelfDescribingJson object at 0x7f4ce0d44820>]}
[0m20:16:25.330255 [debug] [MainThread]: Flushing usage events
[0m20:16:47.179010 [debug] [MainThread]: Sending event: {'category': 'dbt', 'action': 'invocation', 'label': 'start', 'context': [<snowplow_tracker.self_describing_json.SelfDescribingJson object at 0x7e123e728eb0>, <snowplow_tracker.self_describing_json.SelfDescribingJson object at 0x7e123c41fbb0>, <snowplow_tracker.self_describing_json.SelfDescribingJson object at 0x7e123c41fb50>]}


============================== 20:16:47.186843 | 2f171a25-0c23-4ad7-83a2-558468f3d01e ==============================
[0m20:16:47.186843 [info ] [MainThread]: Running with dbt=1.8.3
[0m20:16:47.187771 [debug] [MainThread]: running dbt with arguments {'printer_width': '80', 'indirect_selection': 'eager', 'write_json': 'True', 'log_cache_events': 'False', 'partial_parse': 'True', 'cache_selected_only': 'False', 'profiles_dir': '/home/vscode/.dbt', 'version_check': 'True', 'warn_error': 'None', 'log_path': 'logs', 'debug': 'False', 'fail_fast': 'False', 'use_colors': 'True', 'use_experimental_parser': 'False', 'empty': 'None', 'quiet': 'False', 'no_print': 'None', 'warn_error_options': 'WarnErrorOptions(include=[], exclude=[])', 'introspect': 'True', 'log_format': 'default', 'static_parser': 'True', 'target_path': 'None', 'invocation_command': 'dbt init', 'send_anonymous_usage_stats': 'True'}
[0m20:16:58.691529 [info ] [MainThread]: A project called nyc_parking_violations already exists here.
[0m20:16:58.693422 [debug] [MainThread]: Resource report: {"command_name": "init", "command_success": true, "command_wall_clock_time": 11.58946, "process_user_time": 1.405552, "process_kernel_time": 0.124491, "process_mem_max_rss": "101792", "process_out_blocks": "16", "process_in_blocks": "0"}
[0m20:16:58.694134 [debug] [MainThread]: Command `dbt init` succeeded at 20:16:58.694024 after 11.59 seconds
[0m20:16:58.694695 [debug] [MainThread]: Sending event: {'category': 'dbt', 'action': 'invocation', 'label': 'end', 'context': [<snowplow_tracker.self_describing_json.SelfDescribingJson object at 0x7e123e728eb0>, <snowplow_tracker.self_describing_json.SelfDescribingJson object at 0x7e123c267f10>, <snowplow_tracker.self_describing_json.SelfDescribingJson object at 0x7e123c266e00>]}
[0m20:16:58.695228 [debug] [MainThread]: Flushing usage events
[0m20:17:23.769032 [debug] [MainThread]: Sending event: {'category': 'dbt', 'action': 'invocation', 'label': 'start', 'context': [<snowplow_tracker.self_describing_json.SelfDescribingJson object at 0x76450c9a80a0>, <snowplow_tracker.self_describing_json.SelfDescribingJson object at 0x76450af9fc40>, <snowplow_tracker.self_describing_json.SelfDescribingJson object at 0x76450af9fbe0>]}


============================== 20:17:23.774387 | e4f45693-6d18-40ec-b08d-759507992a86 ==============================
[0m20:17:23.774387 [info ] [MainThread]: Running with dbt=1.8.3
[0m20:17:23.775114 [debug] [MainThread]: running dbt with arguments {'printer_width': '80', 'indirect_selection': 'eager', 'write_json': 'True', 'log_cache_events': 'False', 'partial_parse': 'True', 'cache_selected_only': 'False', 'profiles_dir': '/home/vscode/.dbt', 'version_check': 'True', 'debug': 'False', 'log_path': 'logs', 'warn_error': 'None', 'fail_fast': 'False', 'use_colors': 'True', 'use_experimental_parser': 'False', 'no_print': 'None', 'quiet': 'False', 'empty': 'None', 'log_format': 'default', 'introspect': 'True', 'warn_error_options': 'WarnErrorOptions(include=[], exclude=[])', 'invocation_command': 'dbt init', 'target_path': 'None', 'static_parser': 'True', 'send_anonymous_usage_stats': 'True'}
[0m20:17:33.617609 [debug] [MainThread]: Starter project path: /workspaces/data-engineering-with-data-build-tool-dbt-4458303/.venv/lib/python3.10/site-packages/dbt/include/starter_project
[0m20:17:33.622170 [info ] [MainThread]:
Your new dbt project "nyc_parking_violations" was created!

For more information on how to configure the profiles.yml file,
please consult the dbt documentation here:

  https://docs.getdbt.com/docs/configure-your-profile

One more thing:

Need help? Don't hesitate to reach out to us via GitHub issues or on Slack:

  https://community.getdbt.com/

Happy modeling!

[0m20:17:33.623152 [info ] [MainThread]: Setting up your profile.
[0m20:17:36.626987 [info ] [MainThread]: Profile nyc_parking_violations written to /home/vscode/.dbt/profiles.yml using target's sample configuration. Once updated, you'll be able to start developing with dbt.
[0m20:17:36.628290 [debug] [MainThread]: Resource report: {"command_name": "init", "command_success": true, "command_wall_clock_time": 12.908918, "process_user_time": 1.41659, "process_kernel_time": 0.173276, "process_mem_max_rss": "132952", "process_out_blocks": "72", "process_in_blocks": "0"}
[0m20:17:36.628976 [debug] [MainThread]: Command `dbt init` succeeded at 20:17:36.628865 after 12.91 seconds
[0m20:17:36.629473 [debug] [MainThread]: Sending event: {'category': 'dbt', 'action': 'invocation', 'label': 'end', 'context': [<snowplow_tracker.self_describing_json.SelfDescribingJson object at 0x76450c9a80a0>, <snowplow_tracker.self_describing_json.SelfDescribingJson object at 0x76450afe7f40>, <snowplow_tracker.self_describing_json.SelfDescribingJson object at 0x76450afe7790>]}
[0m20:17:36.630005 [debug] [MainThread]: Flushing usage events
[0m23:26:05.112486 [debug] [MainThread]: Sending event: {'category': 'dbt', 'action': 'invocation', 'label': 'start', 'context': [<snowplow_tracker.self_describing_json.SelfDescribingJson object at 0x756ef1fdc0d0>, <snowplow_tracker.self_describing_json.SelfDescribingJson object at 0x756ef05f4430>, <snowplow_tracker.self_describing_json.SelfDescribingJson object at 0x756ef05f44c0>]}


============================== 23:26:05.129497 | 0693f4e4-0e60-4b5b-ba78-e32963c279ec ==============================
[0m23:26:05.129497 [info ] [MainThread]: Running with dbt=1.8.3
[0m23:26:05.130212 [debug] [MainThread]: running dbt with arguments {'printer_width': '80', 'indirect_selection': 'eager', 'log_cache_events': 'False', 'write_json': 'True', 'partial_parse': 'True', 'cache_selected_only': 'False', 'profiles_dir': '/home/vscode/.dbt', 'fail_fast': 'False', 'version_check': 'True', 'log_path': 'logs', 'warn_error': 'None', 'debug': 'False', 'use_colors': 'True', 'use_experimental_parser': 'False', 'no_print': 'None', 'quiet': 'False', 'empty': 'None', 'log_format': 'default', 'static_parser': 'True', 'invocation_command': 'dbt debug', 'warn_error_options': 'WarnErrorOptions(include=[], exclude=[])', 'target_path': 'None', 'introspect': 'True', 'send_anonymous_usage_stats': 'True'}
[0m23:26:05.152408 [info ] [MainThread]: dbt version: 1.8.3
[0m23:26:05.152955 [info ] [MainThread]: python version: 3.10.12
[0m23:26:05.153443 [info ] [MainThread]: python path: /workspaces/data-engineering-with-data-build-tool-dbt-4458303/.venv/bin/python
[0m23:26:05.153925 [info ] [MainThread]: os info: Linux-6.5.0-1022-azure-x86_64-with-glibc2.31
[0m23:26:05.986850 [info ] [MainThread]: Using profiles dir at /home/vscode/.dbt
[0m23:26:05.987588 [info ] [MainThread]: Using profiles.yml file at /home/vscode/.dbt/profiles.yml
[0m23:26:05.988189 [info ] [MainThread]: Using dbt_project.yml file at /workspaces/data-engineering-with-data-build-tool-dbt-4458303/dbt_project.yml
[0m23:26:05.991742 [info ] [MainThread]: adapter type: duckdb
[0m23:26:05.992369 [info ] [MainThread]: adapter version: 1.8.1
[0m23:26:05.993020 [info ] [MainThread]: Configuration:
[0m23:26:05.993620 [info ] [MainThread]:   profiles.yml file [[32mOK found and valid[0m]
[0m23:26:05.994589 [info ] [MainThread]:   dbt_project.yml file [[31mERROR not found[0m]
[0m23:26:05.995106 [info ] [MainThread]: Required dependencies:
[0m23:26:05.995804 [debug] [MainThread]: Executing "git --help"
[0m23:26:05.998293 [debug] [MainThread]: STDOUT: "b"usage: git [-v | --version] [-h | --help] [-C <path>] [-c <name>=<value>]\n           [--exec-path[=<path>]] [--html-path] [--man-path] [--info-path]\n           [-p | --paginate | -P | --no-pager] [--no-replace-objects] [--bare]\n           [--git-dir=<path>] [--work-tree=<path>] [--namespace=<name>]\n           [--config-env=<name>=<envvar>] <command> [<args>]\n\nThese are common Git commands used in various situations:\n\nstart a working area (see also: git help tutorial)\n   clone     Clone a repository into a new directory\n   init      Create an empty Git repository or reinitialize an existing one\n\nwork on the current change (see also: git help everyday)\n   add       Add file contents to the index\n   mv        Move or rename a file, a directory, or a symlink\n   restore   Restore working tree files\n   rm        Remove files from the working tree and from the index\n\nexamine the history and state (see also: git help revisions)\n   bisect    Use binary search to find the commit that introduced a bug\n   diff      Show changes between commits, commit and working tree, etc\n   grep      Print lines matching a pattern\n   log       Show commit logs\n   show      Show various types of objects\n   status    Show the working tree status\n\ngrow, mark and tweak your common history\n   branch    List, create, or delete branches\n   commit    Record changes to the repository\n   merge     Join two or more development histories together\n   rebase    Reapply commits on top of another base tip\n   reset     Reset current HEAD to the specified state\n   switch    Switch branches\n   tag       Create, list, delete or verify a tag object signed with GPG\n\ncollaborate (see also: git help workflows)\n   fetch     Download objects and refs from another repository\n   pull      Fetch from and integrate with another repository or a local branch\n   push      Update remote refs along with associated objects\n\n'git help -a' and 'git help -g' list available subcommands and some\nconcept guides. See 'git help <command>' or 'git help <concept>'\nto read about a specific subcommand or concept.\nSee 'git help git' for an overview of the system.\n""
[0m23:26:05.998797 [debug] [MainThread]: STDERR: "b''"
[0m23:26:05.999295 [info ] [MainThread]:  - git [[32mOK found[0m]

[0m23:26:05.999953 [info ] [MainThread]: Connection:
[0m23:26:06.000541 [info ] [MainThread]:   database: dev
[0m23:26:06.001128 [info ] [MainThread]:   schema: main
[0m23:26:06.001599 [info ] [MainThread]:   path: dev.duckdb
[0m23:26:06.002065 [info ] [MainThread]:   config_options: None
[0m23:26:06.002529 [info ] [MainThread]:   extensions: None
[0m23:26:06.002992 [info ] [MainThread]:   settings: None
[0m23:26:06.003459 [info ] [MainThread]:   external_root: .
[0m23:26:06.003922 [info ] [MainThread]:   use_credential_provider: None
[0m23:26:06.004401 [info ] [MainThread]:   attach: None
[0m23:26:06.004940 [info ] [MainThread]:   filesystems: None
[0m23:26:06.005589 [info ] [MainThread]:   remote: None
[0m23:26:06.006119 [info ] [MainThread]:   plugins: None
[0m23:26:06.006634 [info ] [MainThread]:   disable_transactions: False
[0m23:26:06.007343 [info ] [MainThread]: Registered adapter: duckdb=1.8.1
[0m23:26:06.011006 [debug] [MainThread]: Acquiring new duckdb connection 'debug'
[0m23:26:06.112729 [debug] [MainThread]: Using duckdb connection "debug"
[0m23:26:06.113580 [debug] [MainThread]: On debug: select 1 as id
[0m23:26:06.114210 [debug] [MainThread]: Opening a new connection, currently in state init
[0m23:26:06.185992 [debug] [MainThread]: SQL status: OK in 0.072 seconds
[0m23:26:06.187221 [debug] [MainThread]: On debug: Close
[0m23:26:06.189112 [info ] [MainThread]:   Connection test: [[32mOK connection ok[0m]

[0m23:26:06.189674 [info ] [MainThread]: [31m1 check failed:[0m
[0m23:26:06.190159 [info ] [MainThread]: Project loading failed for the following reason:
 project path </workspaces/data-engineering-with-data-build-tool-dbt-4458303/dbt_project.yml> not found

[0m23:26:06.191280 [debug] [MainThread]: Resource report: {"command_name": "debug", "command_wall_clock_time": 1.1414328, "process_user_time": 1.614089, "process_kernel_time": 0.245956, "process_mem_max_rss": "142580", "process_in_blocks": "140424", "process_out_blocks": "48", "command_success": false}
[0m23:26:06.191926 [debug] [MainThread]: Command `dbt debug` failed at 23:26:06.191815 after 1.14 seconds
[0m23:26:06.192354 [debug] [MainThread]: Connection 'debug' was properly closed.
[0m23:26:06.192825 [debug] [MainThread]: Sending event: {'category': 'dbt', 'action': 'invocation', 'label': 'end', 'context': [<snowplow_tracker.self_describing_json.SelfDescribingJson object at 0x756ef1fdc0d0>, <snowplow_tracker.self_describing_json.SelfDescribingJson object at 0x756eec317b50>, <snowplow_tracker.self_describing_json.SelfDescribingJson object at 0x756eec314250>]}
[0m23:26:06.193300 [debug] [MainThread]: Flushing usage events
